lorem ipsum 100000000
lorem dolor 200000000
lorem sit 300000000
lorem amet 400000000
lorem consectetur 500000000
lorem adipiscing 600000000
lorem elit 700000000
lorem eiusmod 800000000
lorem incididunt 900000000
lorem ut 1000000000
lorem labore 1100000000
lorem et 1200000000
lorem dolore 1300000000
lorem aliqua 1400000000
lorem ad 1500000000
lorem veniam 1600000000
lorem quis 1700000000
lorem nostrud 1800000000
lorem ullamco 1900000000
lorem laboris 2000000000
lorem nisi 2100000000
lorem aliquip 2100000001
lorem ex 2000000001
lorem ea 1900000001
lorem commodo 1800000001
lorem consequat 1700000001
lorem duis 1600000001
lorem aute 1500000001
lorem in 1400000001
lorem reprehenderit 1300000001
lorem cillum 1200000001
lorem pariatur 1100000001
lorem excepteur 1000000001
lorem sint 900000001
lorem occaecat 800000001
lorem cupidatat 700000001
lorem non 600000001
lorem proident 500000001
lorem sunt 400000001
lorem culpa 300000001
lorem officia 200000001
lorem mollit 100000001
lorem est 1
ipsum lorem 100000000
ipsum dolor 100000000
ipsum sit 200000000
ipsum amet 300000000
ipsum consectetur 400000000
ipsum adipiscing 500000000
ipsum elit 600000000
ipsum eiusmod 700000000
ipsum incididunt 800000000
ipsum ut 900000000
ipsum labore 1000000000
ipsum et 1100000000
ipsum dolore 1200000000
ipsum aliqua 1300000000
ipsum ad 1400000000
ipsum veniam 1500000000
ipsum quis 1600000000
ipsum nostrud 1700000000
ipsum ullamco 1800000000
ipsum laboris 1900000000
ipsum nisi 2000000000
ipsum aliquip 2100000000
ipsum ex 2100000001
ipsum ea 2000000001
ipsum commodo 1900000001
ipsum consequat 1800000001
ipsum duis 1700000001
ipsum aute 1600000001
ipsum in 1500000001
ipsum reprehenderit 1400000001
ipsum cillum 1300000001
ipsum pariatur 1200000001
ipsum excepteur 1100000001
ipsum sint 1000000001
ipsum occaecat 900000001
ipsum cupidatat 800000001
ipsum non 700000001
ipsum proident 600000001
ipsum sunt 500000001
ipsum culpa 400000001
ipsum officia 300000001
ipsum mollit 200000001
ipsum est 100000001
dolor lorem 200000000
dolor ipsum 100000000
dolor sit 100000000
dolor amet 200000000
dolor consectetur 300000000
dolor adipiscing 400000000
dolor elit 500000000
dolor eiusmod 600000000
dolor incididunt 700000000
dolor ut 800000000
dolor labore 900000000
dolor et 1000000000
dolor dolore 1100000000
dolor aliqua 1200000000
dolor ad 1300000000
dolor veniam 1400000000
dolor quis 1500000000
dolor nostrud 1600000000
dolor ullamco 1700000000
dolor laboris 1800000000
dolor nisi 1900000000
dolor aliquip 2000000000
dolor ex 2100000000
dolor ea 2100000001
dolor commodo 2000000001
dolor consequat 1900000001
dolor duis 1800000001
dolor aute 1700000001
dolor in 1600000001
dolor reprehenderit 1500000001
dolor cillum 1400000001
dolor pariatur 1300000001
dolor excepteur 1200000001
dolor sint 1100000001
dolor occaecat 1000000001
dolor cupidatat 900000001
dolor non 800000001
dolor proident 700000001
dolor sunt 600000001
dolor culpa 500000001
dolor officia 400000001
dolor mollit 300000001
dolor est 200000001
sit lorem 300000000
sit ipsum 200000000
sit dolor 100000000
sit amet 100000000
sit consectetur 200000000
sit adipiscing 300000000
sit elit 400000000
sit eiusmod 500000000
sit incididunt 600000000
sit ut 700000000
sit labore 800000000
sit et 900000000
sit dolore 1000000000
sit aliqua 1100000000
sit ad 1200000000
sit veniam 1300000000
sit quis 1400000000
sit nostrud 1500000000
sit ullamco 1600000000
sit laboris 1700000000
sit nisi 1800000000
sit aliquip 1900000000
sit ex 2000000000
sit ea 2100000000
sit commodo 2100000001
sit consequat 2000000001
sit duis 1900000001
sit aute 1800000001
sit in 1700000001
sit reprehenderit 1600000001
sit cillum 1500000001
sit pariatur 1400000001
sit excepteur 1300000001
sit sint 1200000001
sit occaecat 1100000001
sit cupidatat 1000000001
sit non 900000001
sit proident 800000001
sit sunt 700000001
sit culpa 600000001
sit officia 500000001
sit mollit 400000001
sit est 300000001
amet lorem 400000000
amet ipsum 300000000
amet dolor 200000000
amet sit 100000000
amet consectetur 100000000
amet adipiscing 200000000
amet elit 300000000
amet eiusmod 400000000
amet incididunt 500000000
amet ut 600000000
amet labore 700000000
amet et 800000000
amet dolore 900000000
amet aliqua 1000000000
amet ad 1100000000
amet veniam 1200000000
amet quis 1300000000
amet nostrud 1400000000
amet ullamco 1500000000
amet laboris 1600000000
amet nisi 1700000000
amet aliquip 1800000000
amet ex 1900000000
amet ea 2000000000
amet commodo 2100000000
amet consequat 2100000001
amet duis 2000000001
amet aute 1900000001
amet in 1800000001
amet reprehenderit 1700000001
amet cillum 1600000001
amet pariatur 1500000001
amet excepteur 1400000001
amet sint 1300000001
amet occaecat 1200000001
amet cupidatat 1100000001
amet non 1000000001
amet proident 900000001
amet sunt 800000001
amet culpa 700000001
amet officia 600000001
amet mollit 500000001
amet est 400000001
consectetur lorem 500000000
consectetur ipsum 400000000
consectetur dolor 300000000
consectetur sit 200000000
consectetur amet 100000000
consectetur adipiscing 100000000
consectetur elit 200000000
consectetur eiusmod 300000000
consectetur incididunt 400000000
consectetur ut 500000000
consectetur labore 600000000
consectetur et 700000000
consectetur dolore 800000000
consectetur aliqua 900000000
consectetur ad 1000000000
consectetur veniam 1100000000
consectetur quis 1200000000
consectetur nostrud 1300000000
consectetur ullamco 1400000000
consectetur laboris 1500000000
consectetur nisi 1600000000
consectetur aliquip 1700000000
consectetur ex 1800000000
consectetur ea 1900000000
consectetur commodo 2000000000
consectetur consequat 2100000000
consectetur duis 2100000001
consectetur aute 2000000001
consectetur in 1900000001
consectetur reprehenderit 1800000001
consectetur cillum 1700000001
consectetur pariatur 1600000001
consectetur excepteur 1500000001
consectetur sint 1400000001
consectetur occaecat 1300000001
consectetur cupidatat 1200000001
consectetur non 1100000001
consectetur proident 1000000001
consectetur sunt 900000001
consectetur culpa 800000001
consectetur officia 700000001
consectetur mollit 600000001
consectetur est 500000001
adipiscing lorem 600000000
adipiscing ipsum 500000000
adipiscing dolor 400000000
adipiscing sit 300000000
adipiscing amet 200000000
adipiscing consectetur 100000000
adipiscing elit 100000000
adipiscing eiusmod 200000000
adipiscing incididunt 300000000
adipiscing ut 400000000
adipiscing labore 500000000
adipiscing et 600000000
adipiscing dolore 700000000
adipiscing aliqua 800000000
adipiscing ad 900000000
adipiscing veniam 1000000000
adipiscing quis 1100000000
adipiscing nostrud 1200000000
adipiscing ullamco 1300000000
adipiscing laboris 1400000000
adipiscing nisi 1500000000
adipiscing aliquip 1600000000
adipiscing ex 1700000000
adipiscing ea 1800000000
adipiscing commodo 1900000000
adipiscing consequat 2000000000
adipiscing duis 2100000000
adipiscing aute 2100000001
adipiscing in 2000000001
adipiscing reprehenderit 1900000001
adipiscing cillum 1800000001
adipiscing pariatur 1700000001
adipiscing excepteur 1600000001
adipiscing sint 1500000001
adipiscing occaecat 1400000001
adipiscing cupidatat 1300000001
adipiscing non 1200000001
adipiscing proident 1100000001
adipiscing sunt 1000000001
adipiscing culpa 900000001
adipiscing officia 800000001
adipiscing mollit 700000001
adipiscing est 600000001
elit lorem 700000000
elit ipsum 600000000
elit dolor 500000000
elit sit 400000000
elit amet 300000000
elit consectetur 200000000
elit adipiscing 100000000
elit eiusmod 100000000
elit incididunt 200000000
elit ut 300000000
elit labore 400000000
elit et 500000000
elit dolore 600000000
elit aliqua 700000000
elit ad 800000000
elit veniam 900000000
elit quis 1000000000
elit nostrud 1100000000
elit ullamco 1200000000
elit laboris 1300000000
elit nisi 1400000000
elit aliquip 1500000000
elit ex 1600000000
elit ea 1700000000
elit commodo 1800000000
elit consequat 1900000000
elit duis 2000000000
elit aute 2100000000
elit in 2100000001
elit reprehenderit 2000000001
elit cillum 1900000001
elit pariatur 1800000001
elit excepteur 1700000001
elit sint 1600000001
elit occaecat 1500000001
elit cupidatat 1400000001
elit non 1300000001
elit proident 1200000001
elit sunt 1100000001
elit culpa 1000000001
elit officia 900000001
elit mollit 800000001
elit est 700000001
eiusmod lorem 800000000
eiusmod ipsum 700000000
eiusmod dolor 600000000
eiusmod sit 500000000
eiusmod amet 400000000
eiusmod consectetur 300000000
eiusmod adipiscing 200000000
eiusmod elit 100000000
eiusmod incididunt 100000000
eiusmod ut 200000000
eiusmod labore 300000000
eiusmod et 400000000
eiusmod dolore 500000000
eiusmod aliqua 600000000
eiusmod ad 700000000
eiusmod veniam 800000000
eiusmod quis 900000000
eiusmod nostrud 1000000000
eiusmod ullamco 1100000000
eiusmod laboris 1200000000
eiusmod nisi 1300000000
eiusmod aliquip 1400000000
eiusmod ex 1500000000
eiusmod ea 1600000000
eiusmod commodo 1700000000
eiusmod consequat 1800000000
eiusmod duis 1900000000
eiusmod aute 2000000000
eiusmod in 2100000000
eiusmod reprehenderit 2100000001
eiusmod cillum 2000000001
eiusmod pariatur 1900000001
eiusmod excepteur 1800000001
eiusmod sint 1700000001
eiusmod occaecat 1600000001
eiusmod cupidatat 1500000001
eiusmod non 1400000001
eiusmod proident 1300000001
eiusmod sunt 1200000001
eiusmod culpa 1100000001
eiusmod officia 1000000001
eiusmod mollit 900000001
eiusmod est 800000001
incididunt lorem 900000000
incididunt ipsum 800000000
incididunt dolor 700000000
incididunt sit 600000000
incididunt amet 500000000
incididunt consectetur 400000000
incididunt adipiscing 300000000
incididunt elit 200000000
incididunt eiusmod 100000000
incididunt ut 100000000
incididunt labore 200000000
incididunt et 300000000
incididunt dolore 400000000
incididunt aliqua 500000000
incididunt ad 600000000
incididunt veniam 700000000
incididunt quis 800000000
incididunt nostrud 900000000
incididunt ullamco 1000000000
incididunt laboris 1100000000
incididunt nisi 1200000000
incididunt aliquip 1300000000
incididunt ex 1400000000
incididunt ea 1500000000
incididunt commodo 1600000000
incididunt consequat 1700000000
incididunt duis 1800000000
incididunt aute 1900000000
incididunt in 2000000000
incididunt reprehenderit 2100000000
incididunt cillum 2100000001
incididunt pariatur 2000000001
incididunt excepteur 1900000001
incididunt sint 1800000001
incididunt occaecat 1700000001
incididunt cupidatat 1600000001
incididunt non 1500000001
incididunt proident 1400000001
incididunt sunt 1300000001
incididunt culpa 1200000001
incididunt officia 1100000001
incididunt mollit 1000000001
incididunt est 900000001
ut lorem 1000000000
ut ipsum 900000000
ut dolor 800000000
ut sit 700000000
ut amet 600000000
ut consectetur 500000000
ut adipiscing 400000000
ut elit 300000000
ut eiusmod 200000000
ut incididunt 100000000
ut labore 100000000
ut et 200000000
ut dolore 300000000
ut aliqua 400000000
ut ad 500000000
ut veniam 600000000
ut quis 700000000
ut nostrud 800000000
ut ullamco 900000000
ut laboris 1000000000
ut nisi 1100000000
ut aliquip 1200000000
ut ex 1300000000
ut ea 1400000000
ut commodo 1500000000
ut consequat 1600000000
ut duis 1700000000
ut aute 1800000000
ut in 1900000000
ut reprehenderit 2000000000
ut cillum 2100000000
ut pariatur 2100000001
ut excepteur 2000000001
ut sint 1900000001
ut occaecat 1800000001
ut cupidatat 1700000001
ut non 1600000001
ut proident 1500000001
ut sunt 1400000001
ut culpa 1300000001
ut officia 1200000001
ut mollit 1100000001
ut est 1000000001
labore lorem 1100000000
labore ipsum 1000000000
labore dolor 900000000
labore sit 800000000
labore amet 700000000
labore consectetur 600000000
labore adipiscing 500000000
labore elit 400000000
labore eiusmod 300000000
labore incididunt 200000000
labore ut 100000000
labore et 100000000
labore dolore 200000000
labore aliqua 300000000
labore ad 400000000
labore veniam 500000000
labore quis 600000000
labore nostrud 700000000
labore ullamco 800000000
labore laboris 900000000
labore nisi 1000000000
labore aliquip 1100000000
labore ex 1200000000
labore ea 1300000000
labore commodo 1400000000
labore consequat 1500000000
labore duis 1600000000
labore aute 1700000000
labore in 1800000000
labore reprehenderit 1900000000
labore cillum 2000000000
labore pariatur 2100000000
labore excepteur 2100000001
labore sint 2000000001
labore occaecat 1900000001
labore cupidatat 1800000001
labore non 1700000001
labore proident 1600000001
labore sunt 1500000001
labore culpa 1400000001
labore officia 1300000001
labore mollit 1200000001
labore est 1100000001
et lorem 1200000000
et ipsum 1100000000
et dolor 1000000000
et sit 900000000
et amet 800000000
et consectetur 700000000
et adipiscing 600000000
et elit 500000000
et eiusmod 400000000
et incididunt 300000000
et ut 200000000
et labore 100000000
et dolore 100000000
et aliqua 200000000
et ad 300000000
et veniam 400000000
et quis 500000000
et nostrud 600000000
et ullamco 700000000
et laboris 800000000
et nisi 900000000
et aliquip 1000000000
et ex 1100000000
et ea 1200000000
et commodo 1300000000
et consequat 1400000000
et duis 1500000000
et aute 1600000000
et in 1700000000
et reprehenderit 1800000000
et cillum 1900000000
et pariatur 2000000000
et excepteur 2100000000
et sint 2100000001
et occaecat 2000000001
et cupidatat 1900000001
et non 1800000001
et proident 1700000001
et sunt 1600000001
et culpa 1500000001
et officia 1400000001
et mollit 1300000001
et est 1200000001
dolore lorem 1300000000
dolore ipsum 1200000000
dolore dolor 1100000000
dolore sit 1000000000
dolore amet 900000000
dolore consectetur 800000000
dolore adipiscing 700000000
dolore elit 600000000
dolore eiusmod 500000000
dolore incididunt 400000000
dolore ut 300000000
dolore labore 200000000
dolore et 100000000
dolore aliqua 100000000
dolore ad 200000000
dolore veniam 300000000
dolore quis 400000000
dolore nostrud 500000000
dolore ullamco 600000000
dolore laboris 700000000
dolore nisi 800000000
dolore aliquip 900000000
dolore ex 1000000000
dolore ea 1100000000
dolore commodo 1200000000
dolore consequat 1300000000
dolore duis 1400000000
dolore aute 1500000000
dolore in 1600000000
dolore reprehenderit 1700000000
dolore cillum 1800000000
dolore pariatur 1900000000
dolore excepteur 2000000000
dolore sint 2100000000
dolore occaecat 2100000001
dolore cupidatat 2000000001
dolore non 1900000001
dolore proident 1800000001
dolore sunt 1700000001
dolore culpa 1600000001
dolore officia 1500000001
dolore mollit 1400000001
dolore est 1300000001
aliqua lorem 1400000000
aliqua ipsum 1300000000
aliqua dolor 1200000000
aliqua sit 1100000000
aliqua amet 1000000000
aliqua consectetur 900000000
aliqua adipiscing 800000000
aliqua elit 700000000
aliqua eiusmod 600000000
aliqua incididunt 500000000
aliqua ut 400000000
aliqua labore 300000000
aliqua et 200000000
aliqua dolore 100000000
aliqua ad 100000000
aliqua veniam 200000000
aliqua quis 300000000
aliqua nostrud 400000000
aliqua ullamco 500000000
aliqua laboris 600000000
aliqua nisi 700000000
aliqua aliquip 800000000
aliqua ex 900000000
aliqua ea 1000000000
aliqua commodo 1100000000
aliqua consequat 1200000000
aliqua duis 1300000000
aliqua aute 1400000000
aliqua in 1500000000
aliqua reprehenderit 1600000000
aliqua cillum 1700000000
aliqua pariatur 1800000000
aliqua excepteur 1900000000
aliqua sint 2000000000
aliqua occaecat 2100000000
aliqua cupidatat 2100000001
aliqua non 2000000001
aliqua proident 1900000001
aliqua sunt 1800000001
aliqua culpa 1700000001
aliqua officia 1600000001
aliqua mollit 1500000001
aliqua est 1400000001
ad lorem 1500000000
ad ipsum 1400000000
ad dolor 1300000000
ad sit 1200000000
ad amet 1100000000
ad consectetur 1000000000
ad adipiscing 900000000
ad elit 800000000
ad eiusmod 700000000
ad incididunt 600000000
ad ut 500000000
ad labore 400000000
ad et 300000000
ad dolore 200000000
ad aliqua 100000000
ad veniam 100000000
ad quis 200000000
ad nostrud 300000000
ad ullamco 400000000
ad laboris 500000000
ad nisi 600000000
ad aliquip 700000000
ad ex 800000000
ad ea 900000000
ad commodo 1000000000
ad consequat 1100000000
ad duis 1200000000
ad aute 1300000000
ad in 1400000000
ad reprehenderit 1500000000
ad cillum 1600000000
ad pariatur 1700000000
ad excepteur 1800000000
ad sint 1900000000
ad occaecat 2000000000
ad cupidatat 2100000000
ad non 2100000001
ad proident 2000000001
ad sunt 1900000001
ad culpa 1800000001
ad officia 1700000001
ad mollit 1600000001
ad est 1500000001
veniam lorem 1600000000
veniam ipsum 1500000000
veniam dolor 1400000000
veniam sit 1300000000
veniam amet 1200000000
veniam consectetur 1100000000
veniam adipiscing 1000000000
veniam elit 900000000
veniam eiusmod 800000000
veniam incididunt 700000000
veniam ut 600000000
veniam labore 500000000
veniam et 400000000
veniam dolore 300000000
veniam aliqua 200000000
veniam ad 100000000
veniam quis 100000000
veniam nostrud 200000000
veniam ullamco 300000000
veniam laboris 400000000
veniam nisi 500000000
veniam aliquip 600000000
veniam ex 700000000
veniam ea 800000000
veniam commodo 900000000
veniam consequat 1000000000
veniam duis 1100000000
veniam aute 1200000000
veniam in 1300000000
veniam reprehenderit 1400000000
veniam cillum 1500000000
veniam pariatur 1600000000
veniam excepteur 1700000000
veniam sint 1800000000
veniam occaecat 1900000000
veniam cupidatat 2000000000
veniam non 2100000000
veniam proident 2100000001
veniam sunt 2000000001
veniam culpa 1900000001
veniam officia 1800000001
veniam mollit 1700000001
veniam est 1600000001
quis lorem 1700000000
quis ipsum 1600000000
quis dolor 1500000000
quis sit 1400000000
quis amet 1300000000
quis consectetur 1200000000
quis adipiscing 1100000000
quis elit 1000000000
quis eiusmod 900000000
quis incididunt 800000000
quis ut 700000000
quis labore 600000000
quis et 500000000
quis dolore 400000000
quis aliqua 300000000
quis ad 200000000
quis veniam 100000000
quis nostrud 100000000
quis ullamco 200000000
quis laboris 300000000
quis nisi 400000000
quis aliquip 500000000
quis ex 600000000
quis ea 700000000
quis commodo 800000000
quis consequat 900000000
quis duis 1000000000
quis aute 1100000000
quis in 1200000000
quis reprehenderit 1300000000
quis cillum 1400000000
quis pariatur 1500000000
quis excepteur 1600000000
quis sint 1700000000
quis occaecat 1800000000
quis cupidatat 1900000000
quis non 2000000000
quis proident 2100000000
quis sunt 2100000001
quis culpa 2000000001
quis officia 1900000001
quis mollit 1800000001
quis est 1700000001
nostrud lorem 1800000000
nostrud ipsum 1700000000
nostrud dolor 1600000000
nostrud sit 1500000000
nostrud amet 1400000000
nostrud consectetur 1300000000
nostrud adipiscing 1200000000
nostrud elit 1100000000
nostrud eiusmod 1000000000
nostrud incididunt 900000000
nostrud ut 800000000
nostrud labore 700000000
nostrud et 600000000
nostrud dolore 500000000
nostrud aliqua 400000000
nostrud ad 300000000
nostrud veniam 200000000
nostrud quis 100000000
nostrud ullamco 100000000
nostrud laboris 200000000
nostrud nisi 300000000
nostrud aliquip 400000000
nostrud ex 500000000
nostrud ea 600000000
nostrud commodo 700000000
nostrud consequat 800000000
nostrud duis 900000000
nostrud aute 1000000000
nostrud in 1100000000
nostrud reprehenderit 1200000000
nostrud cillum 1300000000
nostrud pariatur 1400000000
nostrud excepteur 1500000000
nostrud sint 1600000000
nostrud occaecat 1700000000
nostrud cupidatat 1800000000
nostrud non 1900000000
nostrud proident 2000000000
nostrud sunt 2100000000
nostrud culpa 2100000001
nostrud officia 2000000001
nostrud mollit 1900000001
nostrud est 1800000001
ullamco lorem 1900000000
ullamco ipsum 1800000000
ullamco dolor 1700000000
ullamco sit 1600000000
ullamco amet 1500000000
ullamco consectetur 1400000000
ullamco adipiscing 1300000000
ullamco elit 1200000000
ullamco eiusmod 1100000000
ullamco incididunt 1000000000
ullamco ut 900000000
ullamco labore 800000000
ullamco et 700000000
ullamco dolore 600000000
ullamco aliqua 500000000
ullamco ad 400000000
ullamco veniam 300000000
ullamco quis 200000000
ullamco nostrud 100000000
ullamco laboris 100000000
ullamco nisi 200000000
ullamco aliquip 300000000
ullamco ex 400000000
ullamco ea 500000000
ullamco commodo 600000000
ullamco consequat 700000000
ullamco duis 800000000
ullamco aute 900000000
ullamco in 1000000000
ullamco reprehenderit 1100000000
ullamco cillum 1200000000
ullamco pariatur 1300000000
ullamco excepteur 1400000000
ullamco sint 1500000000
ullamco occaecat 1600000000
ullamco cupidatat 1700000000
ullamco non 1800000000
ullamco proident 1900000000
ullamco sunt 2000000000
ullamco culpa 2100000000
ullamco officia 2100000001
ullamco mollit 2000000001
ullamco est 1900000001
laboris lorem 2000000000
laboris ipsum 1900000000
laboris dolor 1800000000
laboris sit 1700000000
laboris amet 1600000000
laboris consectetur 1500000000
laboris adipiscing 1400000000
laboris elit 1300000000
laboris eiusmod 1200000000
laboris incididunt 1100000000
laboris ut 1000000000
laboris labore 900000000
laboris et 800000000
laboris dolore 700000000
laboris aliqua 600000000
laboris ad 500000000
laboris veniam 400000000
laboris quis 300000000
laboris nostrud 200000000
laboris ullamco 100000000
laboris nisi 100000000
laboris aliquip 200000000
laboris ex 300000000
laboris ea 400000000
laboris commodo 500000000
laboris consequat 600000000
laboris duis 700000000
laboris aute 800000000
laboris in 900000000
laboris reprehenderit 1000000000
laboris cillum 1100000000
laboris pariatur 1200000000
laboris excepteur 1300000000
laboris sint 1400000000
laboris occaecat 1500000000
laboris cupidatat 1600000000
laboris non 1700000000
laboris proident 1800000000
laboris sunt 1900000000
laboris culpa 2000000000
laboris officia 2100000000
laboris mollit 2100000001
laboris est 2000000001
nisi lorem 2100000000
nisi ipsum 2000000000
nisi dolor 1900000000
nisi sit 1800000000
nisi amet 1700000000
nisi consectetur 1600000000
nisi adipiscing 1500000000
nisi elit 1400000000
nisi eiusmod 1300000000
nisi incididunt 1200000000
nisi ut 1100000000
nisi labore 1000000000
nisi et 900000000
nisi dolore 800000000
nisi aliqua 700000000
nisi ad 600000000
nisi veniam 500000000
nisi quis 400000000
nisi nostrud 300000000
nisi ullamco 200000000
nisi laboris 100000000
nisi aliquip 100000000
nisi ex 200000000
nisi ea 300000000
nisi commodo 400000000
nisi consequat 500000000
nisi duis 600000000
nisi aute 700000000
nisi in 800000000
nisi reprehenderit 900000000
nisi cillum 1000000000
nisi pariatur 1100000000
nisi excepteur 1200000000
nisi sint 1300000000
nisi occaecat 1400000000
nisi cupidatat 1500000000
nisi non 1600000000
nisi proident 1700000000
nisi sunt 1800000000
nisi culpa 1900000000
nisi officia 2000000000
nisi mollit 2100000000
nisi est 2100000001
aliquip lorem 2100000001
aliquip ipsum 2100000000
aliquip dolor 2000000000
aliquip sit 1900000000
aliquip amet 1800000000
aliquip consectetur 1700000000
aliquip adipiscing 1600000000
aliquip elit 1500000000
aliquip eiusmod 1400000000
aliquip incididunt 1300000000
aliquip ut 1200000000
aliquip labore 1100000000
aliquip et 1000000000
aliquip dolore 900000000
aliquip aliqua 800000000
aliquip ad 700000000
aliquip veniam 600000000
aliquip quis 500000000
aliquip nostrud 400000000
aliquip ullamco 300000000
aliquip laboris 200000000
aliquip nisi 100000000
aliquip ex 100000000
aliquip ea 200000000
aliquip commodo 300000000
aliquip consequat 400000000
aliquip duis 500000000
aliquip aute 600000000
aliquip in 700000000
aliquip reprehenderit 800000000
aliquip cillum 900000000
aliquip pariatur 1000000000
aliquip excepteur 1100000000
aliquip sint 1200000000
aliquip occaecat 1300000000
aliquip cupidatat 1400000000
aliquip non 1500000000
aliquip proident 1600000000
aliquip sunt 1700000000
aliquip culpa 1800000000
aliquip officia 1900000000
aliquip mollit 2000000000
aliquip est 2100000000
ex lorem 2000000001
ex ipsum 2100000001
ex dolor 2100000000
ex sit 2000000000
ex amet 1900000000
ex consectetur 1800000000
ex adipiscing 1700000000
ex elit 1600000000
ex eiusmod 1500000000
ex incididunt 1400000000
ex ut 1300000000
ex labore 1200000000
ex et 1100000000
ex dolore 1000000000
ex aliqua 900000000
ex ad 800000000
ex veniam 700000000
ex quis 600000000
ex nostrud 500000000
ex ullamco 400000000
ex laboris 300000000
ex nisi 200000000
ex aliquip 100000000
ex ea 100000000
ex commodo 200000000
ex consequat 300000000
ex duis 400000000
ex aute 500000000
ex in 600000000
ex reprehenderit 700000000
ex cillum 800000000
ex pariatur 900000000
ex excepteur 1000000000
ex sint 1100000000
ex occaecat 1200000000
ex cupidatat 1300000000
ex non 1400000000
ex proident 1500000000
ex sunt 1600000000
ex culpa 1700000000
ex officia 1800000000
ex mollit 1900000000
ex est 2000000000
ea lorem 1900000001
ea ipsum 2000000001
ea dolor 2100000001
ea sit 2100000000
ea amet 2000000000
ea consectetur 1900000000
ea adipiscing 1800000000
ea elit 1700000000
ea eiusmod 1600000000
ea incididunt 1500000000
ea ut 1400000000
ea labore 1300000000
ea et 1200000000
ea dolore 1100000000
ea aliqua 1000000000
ea ad 900000000
ea veniam 800000000
ea quis 700000000
ea nostrud 600000000
ea ullamco 500000000
ea laboris 400000000
ea nisi 300000000
ea aliquip 200000000
ea ex 100000000
ea commodo 100000000
ea consequat 200000000
ea duis 300000000
ea aute 400000000
ea in 500000000
ea reprehenderit 600000000
ea cillum 700000000
ea pariatur 800000000
ea excepteur 900000000
ea sint 1000000000
ea occaecat 1100000000
ea cupidatat 1200000000
ea non 1300000000
ea proident 1400000000
ea sunt 1500000000
ea culpa 1600000000
ea officia 1700000000
ea mollit 1800000000
ea est 1900000000
commodo lorem 1800000001
commodo ipsum 1900000001
commodo dolor 2000000001
commodo sit 2100000001
commodo amet 2100000000
commodo consectetur 2000000000
commodo adipiscing 1900000000
commodo elit 1800000000
commodo eiusmod 1700000000
commodo incididunt 1600000000
commodo ut 1500000000
commodo labore 1400000000
commodo et 1300000000
commodo dolore 1200000000
commodo aliqua 1100000000
commodo ad 1000000000
commodo veniam 900000000
commodo quis 800000000
commodo nostrud 700000000
commodo ullamco 600000000
commodo laboris 500000000
commodo nisi 400000000
commodo aliquip 300000000
commodo ex 200000000
commodo ea 100000000
commodo consequat 100000000
commodo duis 200000000
commodo aute 300000000
commodo in 400000000
commodo reprehenderit 500000000
commodo cillum 600000000
commodo pariatur 700000000
commodo excepteur 800000000
commodo sint 900000000
commodo occaecat 1000000000
commodo cupidatat 1100000000
commodo non 1200000000
commodo proident 1300000000
commodo sunt 1400000000
commodo culpa 1500000000
commodo officia 1600000000
commodo mollit 1700000000
commodo est 1800000000
consequat lorem 1700000001
consequat ipsum 1800000001
consequat dolor 1900000001
consequat sit 2000000001
consequat amet 2100000001
consequat consectetur 2100000000
consequat adipiscing 2000000000
consequat elit 1900000000
consequat eiusmod 1800000000
consequat incididunt 1700000000
consequat ut 1600000000
consequat labore 1500000000
consequat et 1400000000
consequat dolore 1300000000
consequat aliqua 1200000000
consequat ad 1100000000
consequat veniam 1000000000
consequat quis 900000000
consequat nostrud 800000000
consequat ullamco 700000000
consequat laboris 600000000
consequat nisi 500000000
consequat aliquip 400000000
consequat ex 300000000
consequat ea 200000000
consequat commodo 100000000
consequat duis 100000000
consequat aute 200000000
consequat in 300000000
consequat reprehenderit 400000000
consequat cillum 500000000
consequat pariatur 600000000
consequat excepteur 700000000
consequat sint 800000000
consequat occaecat 900000000
consequat cupidatat 1000000000
consequat non 1100000000
consequat proident 1200000000
consequat sunt 1300000000
consequat culpa 1400000000
consequat officia 1500000000
consequat mollit 1600000000
consequat est 1700000000
duis lorem 1600000001
duis ipsum 1700000001
duis dolor 1800000001
duis sit 1900000001
duis amet 2000000001
duis consectetur 2100000001
duis adipiscing 2100000000
duis elit 2000000000
duis eiusmod 1900000000
duis incididunt 1800000000
duis ut 1700000000
duis labore 1600000000
duis et 1500000000
duis dolore 1400000000
duis aliqua 1300000000
duis ad 1200000000
duis veniam 1100000000
duis quis 1000000000
duis nostrud 900000000
duis ullamco 800000000
duis laboris 700000000
duis nisi 600000000
duis aliquip 500000000
duis ex 400000000
duis ea 300000000
duis commodo 200000000
duis consequat 100000000
duis aute 100000000
duis in 200000000
duis reprehenderit 300000000
duis cillum 400000000
duis pariatur 500000000
duis excepteur 600000000
duis sint 700000000
duis occaecat 800000000
duis cupidatat 900000000
duis non 1000000000
duis proident 1100000000
duis sunt 1200000000
duis culpa 1300000000
duis officia 1400000000
duis mollit 1500000000
duis est 1600000000
aute lorem 1500000001
aute ipsum 1600000001
aute dolor 1700000001
aute sit 1800000001
aute amet 1900000001
aute consectetur 2000000001
aute adipiscing 2100000001
aute elit 2100000000
aute eiusmod 2000000000
aute incididunt 1900000000
aute ut 1800000000
aute labore 1700000000
aute et 1600000000
aute dolore 1500000000
aute aliqua 1400000000
aute ad 1300000000
aute veniam 1200000000
aute quis 1100000000
aute nostrud 1000000000
aute ullamco 900000000
aute laboris 800000000
aute nisi 700000000
aute aliquip 600000000
aute ex 500000000
aute ea 400000000
aute commodo 300000000
aute consequat 200000000
aute duis 100000000
aute in 100000000
aute reprehenderit 200000000
aute cillum 300000000
aute pariatur 400000000
aute excepteur 500000000
aute sint 600000000
aute occaecat 700000000
aute cupidatat 800000000
aute non 900000000
aute proident 1000000000
aute sunt 1100000000
aute culpa 1200000000
aute officia 1300000000
aute mollit 1400000000
aute est 1500000000
in lorem 1400000001
in ipsum 1500000001
in dolor 1600000001
in sit 1700000001
in amet 1800000001
in consectetur 1900000001
in adipiscing 2000000001
in elit 2100000001
in eiusmod 2100000000
in incididunt 2000000000
in ut 1900000000
in labore 1800000000
in et 1700000000
in dolore 1600000000
in aliqua 1500000000
in ad 1400000000
in veniam 1300000000
in quis 1200000000
in nostrud 1100000000
in ullamco 1000000000
in laboris 900000000
in nisi 800000000
in aliquip 700000000
in ex 600000000
in ea 500000000
in commodo 400000000
in consequat 300000000
in duis 200000000
in aute 100000000
in reprehenderit 100000000
in cillum 200000000
in pariatur 300000000
in excepteur 400000000
in sint 500000000
in occaecat 600000000
in cupidatat 700000000
in non 800000000
in proident 900000000
in sunt 1000000000
in culpa 1100000000
in officia 1200000000
in mollit 1300000000
in est 1400000000
reprehenderit lorem 1300000001
reprehenderit ipsum 1400000001
reprehenderit dolor 1500000001
reprehenderit sit 1600000001
reprehenderit amet 1700000001
reprehenderit consectetur 1800000001
reprehenderit adipiscing 1900000001
reprehenderit elit 2000000001
reprehenderit eiusmod 2100000001
reprehenderit incididunt 2100000000
reprehenderit ut 2000000000
reprehenderit labore 1900000000
reprehenderit et 1800000000
reprehenderit dolore 1700000000
reprehenderit aliqua 1600000000
reprehenderit ad 1500000000
reprehenderit veniam 1400000000
reprehenderit quis 1300000000
reprehenderit nostrud 1200000000
reprehenderit ullamco 1100000000
reprehenderit laboris 1000000000
reprehenderit nisi 900000000
reprehenderit aliquip 800000000
reprehenderit ex 700000000
reprehenderit ea 600000000
reprehenderit commodo 500000000
reprehenderit consequat 400000000
reprehenderit duis 300000000
reprehenderit aute 200000000
reprehenderit in 100000000
reprehenderit cillum 100000000
reprehenderit pariatur 200000000
reprehenderit excepteur 300000000
reprehenderit sint 400000000
reprehenderit occaecat 500000000
reprehenderit cupidatat 600000000
reprehenderit non 700000000
reprehenderit proident 800000000
reprehenderit sunt 900000000
reprehenderit culpa 1000000000
reprehenderit officia 1100000000
reprehenderit mollit 1200000000
reprehenderit est 1300000000
cillum lorem 1200000001
cillum ipsum 1300000001
cillum dolor 1400000001
cillum sit 1500000001
cillum amet 1600000001
cillum consectetur 1700000001
cillum adipiscing 1800000001
cillum elit 1900000001
cillum eiusmod 2000000001
cillum incididunt 2100000001
cillum ut 2100000000
cillum labore 2000000000
cillum et 1900000000
cillum dolore 1800000000
cillum aliqua 1700000000
cillum ad 1600000000
cillum veniam 1500000000
cillum quis 1400000000
cillum nostrud 1300000000
cillum ullamco 1200000000
cillum laboris 1100000000
cillum nisi 1000000000
cillum aliquip 900000000
cillum ex 800000000
cillum ea 700000000
cillum commodo 600000000
cillum consequat 500000000
cillum duis 400000000
cillum aute 300000000
cillum in 200000000
cillum reprehenderit 100000000
cillum pariatur 100000000
cillum excepteur 200000000
cillum sint 300000000
cillum occaecat 400000000
cillum cupidatat 500000000
cillum non 600000000
cillum proident 700000000
cillum sunt 800000000
cillum culpa 900000000
cillum officia 1000000000
cillum mollit 1100000000
cillum est 1200000000
pariatur lorem 1100000001
pariatur ipsum 1200000001
pariatur dolor 1300000001
pariatur sit 1400000001
pariatur amet 1500000001
pariatur consectetur 1600000001
pariatur adipiscing 1700000001
pariatur elit 1800000001
pariatur eiusmod 1900000001
pariatur incididunt 2000000001
pariatur ut 2100000001
pariatur labore 2100000000
pariatur et 2000000000
pariatur dolore 1900000000
pariatur aliqua 1800000000
pariatur ad 1700000000
pariatur veniam 1600000000
pariatur quis 1500000000
pariatur nostrud 1400000000
pariatur ullamco 1300000000
pariatur laboris 1200000000
pariatur nisi 1100000000
pariatur aliquip 1000000000
pariatur ex 900000000
pariatur ea 800000000
pariatur commodo 700000000
pariatur consequat 600000000
pariatur duis 500000000
pariatur aute 400000000
pariatur in 300000000
pariatur reprehenderit 200000000
pariatur cillum 100000000
pariatur excepteur 100000000
pariatur sint 200000000
pariatur occaecat 300000000
pariatur cupidatat 400000000
pariatur non 500000000
pariatur proident 600000000
pariatur sunt 700000000
pariatur culpa 800000000
pariatur officia 900000000
pariatur mollit 1000000000
pariatur est 1100000000
excepteur lorem 1000000001
excepteur ipsum 1100000001
excepteur dolor 1200000001
excepteur sit 1300000001
excepteur amet 1400000001
excepteur consectetur 1500000001
excepteur adipiscing 1600000001
excepteur elit 1700000001
excepteur eiusmod 1800000001
excepteur incididunt 1900000001
excepteur ut 2000000001
excepteur labore 2100000001
excepteur et 2100000000
excepteur dolore 2000000000
excepteur aliqua 1900000000
excepteur ad 1800000000
excepteur veniam 1700000000
excepteur quis 1600000000
excepteur nostrud 1500000000
excepteur ullamco 1400000000
excepteur laboris 1300000000
excepteur nisi 1200000000
excepteur aliquip 1100000000
excepteur ex 1000000000
excepteur ea 900000000
excepteur commodo 800000000
excepteur consequat 700000000
excepteur duis 600000000
excepteur aute 500000000
excepteur in 400000000
excepteur reprehenderit 300000000
excepteur cillum 200000000
excepteur pariatur 100000000
excepteur sint 100000000
excepteur occaecat 200000000
excepteur cupidatat 300000000
excepteur non 400000000
excepteur proident 500000000
excepteur sunt 600000000
excepteur culpa 700000000
excepteur officia 800000000
excepteur mollit 900000000
excepteur est 1000000000
sint lorem 900000001
sint ipsum 1000000001
sint dolor 1100000001
sint sit 1200000001
sint amet 1300000001
sint consectetur 1400000001
sint adipiscing 1500000001
sint elit 1600000001
sint eiusmod 1700000001
sint incididunt 1800000001
sint ut 1900000001
sint labore 2000000001
sint et 2100000001
sint dolore 2100000000
sint aliqua 2000000000
sint ad 1900000000
sint veniam 1800000000
sint quis 1700000000
sint nostrud 1600000000
sint ullamco 1500000000
sint laboris 1400000000
sint nisi 1300000000
sint aliquip 1200000000
sint ex 1100000000
sint ea 1000000000
sint commodo 900000000
sint consequat 800000000
sint duis 700000000
sint aute 600000000
sint in 500000000
sint reprehenderit 400000000
sint cillum 300000000
sint pariatur 200000000
sint excepteur 100000000
sint occaecat 100000000
sint cupidatat 200000000
sint non 300000000
sint proident 400000000
sint sunt 500000000
sint culpa 600000000
sint officia 700000000
sint mollit 800000000
sint est 900000000
occaecat lorem 800000001
occaecat ipsum 900000001
occaecat dolor 1000000001
occaecat sit 1100000001
occaecat amet 1200000001
occaecat consectetur 1300000001
occaecat adipiscing 1400000001
occaecat elit 1500000001
occaecat eiusmod 1600000001
occaecat incididunt 1700000001
occaecat ut 1800000001
occaecat labore 1900000001
occaecat et 2000000001
occaecat dolore 2100000001
occaecat aliqua 2100000000
occaecat ad 2000000000
occaecat veniam 1900000000
occaecat quis 1800000000
occaecat nostrud 1700000000
occaecat ullamco 1600000000
occaecat laboris 1500000000
occaecat nisi 1400000000
occaecat aliquip 1300000000
occaecat ex 1200000000
occaecat ea 1100000000
occaecat commodo 1000000000
occaecat consequat 900000000
occaecat duis 800000000
occaecat aute 700000000
occaecat in 600000000
occaecat reprehenderit 500000000
occaecat cillum 400000000
occaecat pariatur 300000000
occaecat excepteur 200000000
occaecat sint 100000000
occaecat cupidatat 100000000
occaecat non 200000000
occaecat proident 300000000
occaecat sunt 400000000
occaecat culpa 500000000
occaecat officia 600000000
occaecat mollit 700000000
occaecat est 800000000
cupidatat lorem 700000001
cupidatat ipsum 800000001
cupidatat dolor 900000001
cupidatat sit 1000000001
cupidatat amet 1100000001
cupidatat consectetur 1200000001
cupidatat adipiscing 1300000001
cupidatat elit 1400000001
cupidatat eiusmod 1500000001
cupidatat incididunt 1600000001
cupidatat ut 1700000001
cupidatat labore 1800000001
cupidatat et 1900000001
cupidatat dolore 2000000001
cupidatat aliqua 2100000001
cupidatat ad 2100000000
cupidatat veniam 2000000000
cupidatat quis 1900000000
cupidatat nostrud 1800000000
cupidatat ullamco 1700000000
cupidatat laboris 1600000000
cupidatat nisi 1500000000
cupidatat aliquip 1400000000
cupidatat ex 1300000000
cupidatat ea 1200000000
cupidatat commodo 1100000000
cupidatat consequat 1000000000
cupidatat duis 900000000
cupidatat aute 800000000
cupidatat in 700000000
cupidatat reprehenderit 600000000
cupidatat cillum 500000000
cupidatat pariatur 400000000
cupidatat excepteur 300000000
cupidatat sint 200000000
cupidatat occaecat 100000000
cupidatat non 100000000
cupidatat proident 200000000
cupidatat sunt 300000000
cupidatat culpa 400000000
cupidatat officia 500000000
cupidatat mollit 600000000
cupidatat est 700000000
non lorem 600000001
non ipsum 700000001
non dolor 800000001
non sit 900000001
non amet 1000000001
non consectetur 1100000001
non adipiscing 1200000001
non elit 1300000001
non eiusmod 1400000001
non incididunt 1500000001
non ut 1600000001
non labore 1700000001
non et 1800000001
non dolore 1900000001
non aliqua 2000000001
non ad 2100000001
non veniam 2100000000
non quis 2000000000
non nostrud 1900000000
non ullamco 1800000000
non laboris 1700000000
non nisi 1600000000
non aliquip 1500000000
non ex 1400000000
non ea 1300000000
non commodo 1200000000
non consequat 1100000000
non duis 1000000000
non aute 900000000
non in 800000000
non reprehenderit 700000000
non cillum 600000000
non pariatur 500000000
non excepteur 400000000
non sint 300000000
non occaecat 200000000
non cupidatat 100000000
non proident 100000000
non sunt 200000000
non culpa 300000000
non officia 400000000
non mollit 500000000
non est 600000000
proident lorem 500000001
proident ipsum 600000001
proident dolor 700000001
proident sit 800000001
proident amet 900000001
proident consectetur 1000000001
proident adipiscing 1100000001
proident elit 1200000001
proident eiusmod 1300000001
proident incididunt 1400000001
proident ut 1500000001
proident labore 1600000001
proident et 1700000001
proident dolore 1800000001
proident aliqua 1900000001
proident ad 2000000001
proident veniam 2100000001
proident quis 2100000000
proident nostrud 2000000000
proident ullamco 1900000000
proident laboris 1800000000
proident nisi 1700000000
proident aliquip 1600000000
proident ex 1500000000
proident ea 1400000000
proident commodo 1300000000
proident consequat 1200000000
proident duis 1100000000
proident aute 1000000000
proident in 900000000
proident reprehenderit 800000000
proident cillum 700000000
proident pariatur 600000000
proident excepteur 500000000
proident sint 400000000
proident occaecat 300000000
proident cupidatat 200000000
proident non 100000000
proident sunt 100000000
proident culpa 200000000
proident officia 300000000
proident mollit 400000000
proident est 500000000
sunt lorem 400000001
sunt ipsum 500000001
sunt dolor 600000001
sunt sit 700000001
sunt amet 800000001
sunt consectetur 900000001
sunt adipiscing 1000000001
sunt elit 1100000001
sunt eiusmod 1200000001
sunt incididunt 1300000001
sunt ut 1400000001
sunt labore 1500000001
sunt et 1600000001
sunt dolore 1700000001
sunt aliqua 1800000001
sunt ad 1900000001
sunt veniam 2000000001
sunt quis 2100000001
sunt nostrud 2100000000
sunt ullamco 2000000000
sunt laboris 1900000000
sunt nisi 1800000000
sunt aliquip 1700000000
sunt ex 1600000000
sunt ea 1500000000
sunt commodo 1400000000
sunt consequat 1300000000
sunt duis 1200000000
sunt aute 1100000000
sunt in 1000000000
sunt reprehenderit 900000000
sunt cillum 800000000
sunt pariatur 700000000
sunt excepteur 600000000
sunt sint 500000000
sunt occaecat 400000000
sunt cupidatat 300000000
sunt non 200000000
sunt proident 100000000
sunt culpa 100000000
sunt officia 200000000
sunt mollit 300000000
sunt est 400000000
culpa lorem 300000001
culpa ipsum 400000001
culpa dolor 500000001
culpa sit 600000001
culpa amet 700000001
culpa consectetur 800000001
culpa adipiscing 900000001
culpa elit 1000000001
culpa eiusmod 1100000001
culpa incididunt 1200000001
culpa ut 1300000001
culpa labore 1400000001
culpa et 1500000001
culpa dolore 1600000001
culpa aliqua 1700000001
culpa ad 1800000001
culpa veniam 1900000001
culpa quis 2000000001
culpa nostrud 2100000001
culpa ullamco 2100000000
culpa laboris 2000000000
culpa nisi 1900000000
culpa aliquip 1800000000
culpa ex 1700000000
culpa ea 1600000000
culpa commodo 1500000000
culpa consequat 1400000000
culpa duis 1300000000
culpa aute 1200000000
culpa in 1100000000
culpa reprehenderit 1000000000
culpa cillum 900000000
culpa pariatur 800000000
culpa excepteur 700000000
culpa sint 600000000
culpa occaecat 500000000
culpa cupidatat 400000000
culpa non 300000000
culpa proident 200000000
culpa sunt 100000000
culpa officia 100000000
culpa mollit 200000000
culpa est 300000000
officia lorem 200000001
officia ipsum 300000001
officia dolor 400000001
officia sit 500000001
officia amet 600000001
officia consectetur 700000001
officia adipiscing 800000001
officia elit 900000001
officia eiusmod 1000000001
officia incididunt 1100000001
officia ut 1200000001
officia labore 1300000001
officia et 1400000001
officia dolore 1500000001
officia aliqua 1600000001
officia ad 1700000001
officia veniam 1800000001
officia quis 1900000001
officia nostrud 2000000001
officia ullamco 2100000001
officia laboris 2100000000
officia nisi 2000000000
officia aliquip 1900000000
officia ex 1800000000
officia ea 1700000000
officia commodo 1600000000
officia consequat 1500000000
officia duis 1400000000
officia aute 1300000000
officia in 1200000000
officia reprehenderit 1100000000
officia cillum 1000000000
officia pariatur 900000000
officia excepteur 800000000
officia sint 700000000
officia occaecat 600000000
officia cupidatat 500000000
officia non 400000000
officia proident 300000000
officia sunt 200000000
officia culpa 100000000
officia mollit 100000000
officia est 200000000
mollit lorem 100000001
mollit ipsum 200000001
mollit dolor 300000001
mollit sit 400000001
mollit amet 500000001
mollit consectetur 600000001
mollit adipiscing 700000001
mollit elit 800000001
mollit eiusmod 900000001
mollit incididunt 1000000001
mollit ut 1100000001
mollit labore 1200000001
mollit et 1300000001
mollit dolore 1400000001
mollit aliqua 1500000001
mollit ad 1600000001
mollit veniam 1700000001
mollit quis 1800000001
mollit nostrud 1900000001
mollit ullamco 2000000001
mollit laboris 2100000001
mollit nisi 2100000000
mollit aliquip 2000000000
mollit ex 1900000000
mollit ea 1800000000
mollit commodo 1700000000
mollit consequat 1600000000
mollit duis 1500000000
mollit aute 1400000000
mollit in 1300000000
mollit reprehenderit 1200000000
mollit cillum 1100000000
mollit pariatur 1000000000
mollit excepteur 900000000
mollit sint 800000000
mollit occaecat 700000000
mollit cupidatat 600000000
mollit non 500000000
mollit proident 400000000
mollit sunt 300000000
mollit culpa 200000000
mollit officia 100000000
mollit est 100000000
est lorem 1
est ipsum 100000001
est dolor 200000001
est sit 300000001
est amet 400000001
est consectetur 500000001
est adipiscing 600000001
est elit 700000001
est eiusmod 800000001
est incididunt 900000001
est ut 1000000001
est labore 1100000001
est et 1200000001
est dolore 1300000001
est aliqua 1400000001
est ad 1500000001
est veniam 1600000001
est quis 1700000001
est nostrud 1800000001
est ullamco 1900000001
est laboris 2000000001
est nisi 2100000001
est aliquip 2100000000
est ex 2000000000
est ea 1900000000
est commodo 1800000000
est consequat 1700000000
est duis 1600000000
est aute 1500000000
est in 1400000000
est reprehenderit 1300000000
est cillum 1200000000
est pariatur 1100000000
est excepteur 1000000000
est sint 900000000
est occaecat 800000000
est cupidatat 700000000
est non 600000000
est proident 500000000
est sunt 400000000
est culpa 300000000
est officia 200000000
est mollit 100000000
