키 파 20
므 뼈 8
이 게 14
쵸 다 9
푸 쨔 21
뀌 시 17
쁘 게 11
뺴 쓔 20
드 토 12
몌 펴 15
즤 쮀 12
틔 챠 20
례 뺴 16
터 또 18
슈 쎠 22
늬 교 14
촤 따 11
챠 여 20
뉘 료 19
퐤 빼 15
죄 퇘 19
뻬 뼈 12
솨 뛔 14
히 뇨 12
봐 오 19
허 뾔 15
리 쀄 18
톼 틔 16
스 귀 10
뿨 브 14
뾰 교 9
쿠 뾰 15
뒈 훼 9
쮸 뇌 20
눠 모 14
컈 캐 16
류 쾌 15
채 며 13
히 풔 17
새 께 16
모 퍠 10
피 퍠 14
뿨 봐 15
유 뀨 21
픠 거 14
뾔 훼 11
체 퀘 20
왜 톄 11
처 댸 13
째 쌔 17
꿰 쀠 12
케 냬 16
먜 쉬 12
기 사 10
끄 예 17
볘 뎨 14
과 톼 16
므 아 9
대 포 17
끠 교 15
햐 랴 14
톄 쯰 23
괴 뽜 21
코 썌 14
펴 타 21
개 리 21
훼 태 14
츠 이 18
세 쾌 17
갸 크 18
켸 커 14
뽀 레 8
쬐 취 16
츼 개 8
꺼 처 14
메 톄 13
뎌 써 11
쒜 메 14
쏴 싸 12
예 마 12
떄 튀 19
채 쯔 15
프 묘 10
기 쮸 11
띠 미 15
츠 버 20
보 뀨 15
뗴 쟤 20
의 뭬 7
컈 조 20
눠 네 9
땨 노 14
듸 꿰 14
똬 뒈 15
햬 다 11
파 유 16
씌 켸 10
쀄 꾸 13
도 텨 14
뉘 투 22
