경복궁 강동 1;36
신정 상수 1;29
하계 역삼 1;45
수리산 가산디지털단지 1;32
염창 양천향교 0;10
금천구청 숙대입구 1;37
송도 잠실 2;111
범골 공항화물청사 2;110
상천 선바위 1;92
종로3가 철산 1;47
단대오거리 서대문 1;59
종로5가 신창 0;143
강남 신당 0;30
부평삼거리 남성 1;60
방학 백양리 1;90
명지대 월드컵경기장 3;135
신풍 박촌 1;53
신논현 사릉 2;58
세마 방이 1;117
화서 녹번 1;81
신촌 남구로 1;24
이대 월곶 2;109
노량진 탑석 1;82
신이문 백석 1;64
금촌 서울대입구 1;79
인천 광운대 0;95
노량진 수색 1;29
망월사 총신대입구(이수) 1;57
까치산 고진 2;146
쌍문 삼가 3;126
마석 연신내 1;79
건대입구 화곡 1;53
쌍용 명학 0;80
마들 춘의 0;84
신용산 경복궁 1;22
오류동 매봉 1;64
주엽 오리 1;124
동작 중앙 0;52
운길산 초당 2;134
백운 암사 2;85
숭실대입구 강변 1;33
선정릉 역곡 1;143
가락시장 고덕 1;24
아신 녹번 1;91
정발산 망포 1;145
둔촌동 상갈 1;98
독바위 남성 1;104
암사 흑석 2;57
대곡 송정 1;62
신길 석촌 1;57
한성대입구 응암 1;46
검암 녹사평 1;40
세마 마들 1;126
서현 성균관대 1;57
이태원 반포 1;62
동암 대림 1;40
일산 파주 0;23
금곡 양원 0;22
군포 관악 0;12
안산 신목동 1;88
증미 월곶 2;112
신흥 의왕 2;79
압구정로데오 고잔 2;75
이촌 잠실나루 1;32
신풍 강남 1;31
동막 길동 2;113
염창 신방화 0;14
석촌 압구정로데오 1;39
청평 동작 1;78
신창 춘의 1;139
검암 능곡 1;41
안국 매봉 0;30
독바위 기흥 2;114
숭실대입구 경복궁 1;38
거여 한강진 1;44
이대 낙성대 0;31
사가정 금촌 2;98
제물포 수서 1;107
잠실 남영 1;38
팔당 흥선 2;75
잠실나루 경마공원 1;35
덕소 보평 2;139
천호 당산 1;50
초당 경찰병원 2;70
건대입구 도림천 1;49
수진 송파 0;18
합정 곡산 1;31
화랑대 화곡 1;63
신대방삼거리 한양대 1;40
대화 암사 1;111
수락산 양재시민의숲 2;64
용두 송탄 1;109
창동 호구포 1;122
새절 남부터미널 1;49
낙성대 남동인더스파크 2;86
쌍문 새절 1;58
마석 암사 2;70
운정 강남구청 2;82
신답 샛강 2;39
행신 동묘앞 1;41
내방 수리산 1;40
인덕원 아차산 1;61
용두 마곡 2;58
동오 수리산 2;109
작전 금곡 2;106
공덕 경마공원 1;28
덕소 남한산성입구 2;72
문학경기장 개롱 2;111
성신여대입구 평촌 0;51
양수 동암 1;112
강변 중랑 1;26
임학 반포 1;72
정자 서초 1;28
강촌 학동 1;94
부평시장 운서 1;45
효자 숙대입구 2;68
판교 지제 2;89
산본 청명 2;46
안국 어린이대공원 1;42
광명사거리 명지대 2;131
월계 팔당 1;46
캠퍼스타운 서강대 2;79
신이문 남영 0;27
등촌 양주 1;91
퇴계원 역촌 2;72
한양대 전대.에버랜드 2;118
중랑 양수 0;35
안산 송탄 1;78
오산 원덕 1;170
장한평 안암 1;23
산성 청구 1;45
노원 상갈 1;104
부개 중랑 1;70
경인교대입구 이태원 2;52
부천 가평 1;119
상수 석촌 2;53
중동 운동장.송담대 2;116
한대앞 수진 2;96
신촌(경의선) 신논현 2;41
부평삼거리 신대방삼거리 1;51
박촌 중화 1;101
선정릉 선유도 2;47
녹사평 창동 1;40
선학 구산 2;79
오리 제기동 1;117
상일동 미금 1;86
두정 녹양 0;169
일원 의정부 1;86
을지로3가 역삼 0;33
판교 방배 1;26
부천종합운동장 먹골 0;72
신중동 을지로4가 1;59
금촌 동오 2;126
신사 도봉산 1;56
한강진 동막 2;87
원덕 간석오거리 2;144
강촌 개포동 1;105
신중동 개봉 1;19
신목동 남춘천 2;136
한강진 송산 2;75
보라매 구일 1;31
한강진 평내호평 2;56
인천시청 온수 1;29
남한산성입구 금정 2;71
수리산 봉명 1;86
반포 중계 0;35
제기동 미금 1;120
수리산 신목동 1;65
대흥 동암 1;86
계산 마두 2;114
원당 인덕원 1;76
국제업무지구 선정릉 2;109
미아사거리 종합운동장 1;43
신길 상천 1;90
굴봉산 종합운동장 1;96
청담 방이 1;28
영등포 을지로입구 1;23
여의도 주안 1;49
잠원 동두천 1;94
증산 천호 1;56
상계 갈매 1;78
임학 당고개 2;80
문래 청평 1;93
상천 원인재 2;147
청평 시청.용인대 2;153
중화 서초 1;44
어룡 시청 1;69
이태원 광화문 1;20
과천 수락산 1;67
동막 샛강 2;73
태평 성신여대입구 2;59
서울대입구 관악 1;36
강변 간석오거리 2;85
파주 송산 2;143
상봉 망포 1;98
개화산 구파발 1;68
가좌 평촌 1;52
고덕 개봉 1;69
명동 성환 1;111
능곡 광나루 1;62
남부터미널 구일 1;54
국회의사당 창신 2;38
대화 수원시청 1;156
선바위 도농 1;55
평택 방화 1;119
암사 충정로 1;39
발산 마들 1;83
신목동 안산 1;88
김유정 광명 1;139
경마공원 병점 1;48
봉명 세마 0;46
지식정보단지 중계 1;129
청평 한강진 2;75
당산 남영 1;20
창신 연수 2;116
효자 녹번 2;80
버티고개 태평 2;54
성환 증미 1;124
마석 동작 1;65
개봉 용두 1;44
홍제 도농 1;53
신흥 캠퍼스타운 3;124
미금 논현 1;56
미아사거리 산본 0;65
동춘 범계 2;66
문산 돌곶이 1;102
올림픽공원 소래포구 2;128
중앙 명일 1;104
반포 구반포 1;11
부평구청 염창 1;93
무악재 오리 1;84
새말 명학 1;107
송파 풍산 2;83
장암 한티 1;55
도봉산 도곡 1;53
풍산 남구로 2;58
역촌 청명 2;118
개봉 장암 1;74
당고개 수원시청 2;108
망월사 매탄권선 1;119
한강진 산성 2;50
인천대입구 녹사평 2;90
중곡 평촌 1;51
계산 보문 2;64
석촌 신천 1;9
온양온천 신갈 1;99
송탄 수락산 1;138
부평삼거리 도심 2;104
신중동 신내 1;80
운서 청평 2;126
청명 도봉산 1;115
장승배기 병점 1;88
신방화 호구포 2;127
이촌 초당 2;105
삼가 석계 2;133
원덕 성균관대 1;143
총신대입구(이수) 인덕원 0;18
팔당 김포공항 1;95
임학 석촌 3;84
용마산 경기도청북부청사 2;56
춘천 신연수 2;181
동막 평촌 2;70
흑석 세마 1;76
용문 온양온천 1;225
지행 석촌 2;110
행당 구의 1;16
신길온천 춘천 1;181
태평 부평시장 2;103
논현 지축 1;50
박촌 여의도 2;45
중앙 양재 1;96
신목동 능곡 2;40
국수 양주 1;88
증산 봉천 1;34
한강진 도농 2;43
효자 세마 1;141
가천대역 신이문 1;148
까치울 정왕 1;102
흑석 청구 1;38
화서 여의나루 1;54
인천논현 을지로4가 2;105
백양리 능곡 2;126
학동 모란 1;38
임학 관악 1;61
경마공원 고속터미널 1;19
공항시장 소사 1;63
신반포 둔전 3;113
태평 선유도 2;69
가산디지털단지 월곶 2;71
혜화 수락산 1;30
신연수 방배 2;75
홍제 동춘 2;92
미아사거리 마두 1;66
춘천 춘의 1;158
상계 사릉 1;87
광명 백운 0;46
개포동 보라매 1;43
선학 부평 0;16
팔당 제물포 1;112
단대오거리 탑석 3;128
