경복궁 강동 1;1015729524
신정 상수 1;601940964
하계 역삼 1;1210384205
수리산 가산디지털단지 1;573993211
염창 양천향교 0;195238953
금천구청 숙대입구 1;725711660
송도 잠실 2;2374371305
범골 공항화물청사 2;1665655158
상천 선바위 1;1374704775
종로3가 철산 1;989232206
단대오거리 서대문 1;1324432123
종로5가 신창 0;2769463959
강남 신당 0;1041950653
부평삼거리 남성 1;1590801012
방학 백양리 1;1592848199
명지대 월드컵경기장 3;2580676433
신풍 박촌 1;1032565354
신논현 사릉 2;926185235
세마 방이 1;2607281415
화서 녹번 1;1755072272
신촌 남구로 1;342845144
이대 월곶 2;2026602027
노량진 탑석 1;2004340953
신이문 백석 1;1203049070
금촌 서울대입구 1;1310551930
인천 광운대 0;2465433052
노량진 수색 1;415009249
망월사 총신대입구(이수) 1;1398289707
까치산 고진 2;3352819012
쌍문 삼가 3;2514417847
마석 연신내 1;1572057735
건대입구 화곡 1;1268952840
쌍용 명학 0;1268497316
마들 춘의 0;2253326943
신용산 경복궁 1;658677733
오류동 매봉 1;1553739072
주엽 오리 1;2632807466
동작 중앙 0;1055471080
운길산 초당 2;2681531847
백운 암사 2;2239748031
숭실대입구 강변 1;863347159
선정릉 역곡 1;2803481844
가락시장 고덕 1;495247761
아신 녹번 1;1951943187
정발산 망포 1;3069190592
둔촌동 상갈 1;2172339438
독바위 남성 1;2859564108
암사 흑석 2;1198840797
대곡 송정 1;1641245368
신길 석촌 1;1684445259
한성대입구 응암 1;957879825
검암 녹사평 1;459560269
세마 마들 1;2462473931
서현 성균관대 1;1084273688
이태원 반포 1;1572191971
동암 대림 1;1035969406
일산 파주 0;380724511
금곡 양원 0;289599958
군포 관악 0;245177181
안산 신목동 1;1613083877
증미 월곶 2;1998970356
신흥 의왕 2;1502254724
압구정로데오 고잔 2;1432558077
이촌 잠실나루 1;529159447
신풍 강남 1;677041915
동막 길동 2;2633570617
염창 신방화 0;263878032
석촌 압구정로데오 1;954630102
청평 동작 1;1095161512
신창 춘의 1;2216611459
검암 능곡 1;280151302
안국 매봉 0;656418648
독바위 기흥 2;2188904672
숭실대입구 경복궁 1;986262085
거여 한강진 1;1144281261
이대 낙성대 0;707242041
사가정 금촌 2;1561828054
제물포 수서 1;2803251046
잠실 남영 1;988993295
팔당 흥선 2;1515460790
잠실나루 경마공원 1;939669850
덕소 보평 2;2776758635
천호 당산 1;1051193778
초당 경찰병원 2;1149759644
건대입구 도림천 1;1067077522
수진 송파 0;433117116
합정 곡산 1;362985340
화랑대 화곡 1;1645495386
신대방삼거리 한양대 1;1129018893
대화 암사 1;2514354346
수락산 양재시민의숲 2;1457507276
용두 송탄 1;2310951036
창동 호구포 1;2658880395
새절 남부터미널 1;1115652165
낙성대 남동인더스파크 2;1528921843
쌍문 새절 1;1312246293
마석 암사 2;1084216680
운정 강남구청 2;1606460324
신답 샛강 2;766753681
행신 동묘앞 1;777972362
내방 수리산 1;743766652
인덕원 아차산 1;1651461577
용두 마곡 2;1395128566
동오 수리산 2;2494596300
작전 금곡 2;2414655930
공덕 경마공원 1;678843624
덕소 남한산성입구 2;1439297632
문학경기장 개롱 2;2631493946
성신여대입구 평촌 0;1315905262
양수 동암 1;2254656794
강변 중랑 1;629543690
임학 반포 1;1873146942
정자 서초 1;428958988
강촌 학동 1;1260340680
부평시장 운서 1;586553412
효자 숙대입구 2;1613576511
판교 지제 2;1379840466
산본 청명 2;913617267
안국 어린이대공원 1;1077719003
광명사거리 명지대 2;2747834068
월계 팔당 1;914677940
캠퍼스타운 서강대 2;1448864606
신이문 남영 0;782802030
등촌 양주 1;1918535416
퇴계원 역촌 2;1288872655
한양대 전대.에버랜드 2;2274260479
중랑 양수 0;593533135
안산 송탄 1;1452681543
오산 원덕 1;2743585800
장한평 안암 1;591274686
산성 청구 1;1029079816
노원 상갈 1;2297804729
부개 중랑 1;1693038525
경인교대입구 이태원 2;742662633
부천 가평 1;2443697563
상수 석촌 2;1120153836
중동 운동장.송담대 2;2541513606
한대앞 수진 2;2289487806
신촌(경의선) 신논현 2;649479870
부평삼거리 신대방삼거리 1;1359159589
박촌 중화 1;2796911204
선정릉 선유도 2;601527911
녹사평 창동 1;840310685
선학 구산 2;1468442392
오리 제기동 1;2451700974
상일동 미금 1;2058054273
두정 녹양 0;3270041911
일원 의정부 1;2038712259
을지로3가 역삼 0;899799256
판교 방배 1;454351542
부천종합운동장 먹골 0;1884212640
신중동 을지로4가 1;1430125651
금촌 동오 2;2336459245
신사 도봉산 1;1346738302
한강진 동막 2;1793153070
원덕 간석오거리 2;2611365889
강촌 개포동 1;1574940241
신중동 개봉 1;395063566
신목동 남춘천 2;2103599012
한강진 송산 2;1672365831
보라매 구일 1;736145627
한강진 평내호평 2;925597069
인천시청 온수 1;823671431
남한산성입구 금정 2;1677848396
수리산 봉명 1;1395289694
반포 중계 0;1215693362
제기동 미금 1;2668742605
수리산 신목동 1;1206497832
대흥 동암 1;2039721988
계산 마두 2;2631756128
원당 인덕원 1;1862041336
국제업무지구 선정릉 2;3048436077
미아사거리 종합운동장 1;967792811
신길 상천 1;1626716942
굴봉산 종합운동장 1;1361589804
청담 방이 1;629477897
영등포 을지로입구 1;564548523
여의도 주안 1;1054112882
잠원 동두천 1;1937341115
증산 천호 1;1588494905
상계 갈매 1;1787970922
임학 당고개 2;1376586282
문래 청평 1;1936277595
상천 원인재 2;2579813217
청평 시청.용인대 2;2593311800
중화 서초 1;1156889435
어룡 시청 1;1782957633
이태원 광화문 1;353123389
과천 수락산 1;1589331165
동막 샛강 2;1804486400
태평 성신여대입구 2;1199478614
서울대입구 관악 1;801505898
강변 간석오거리 2;1910117651
파주 송산 2;2759728092
상봉 망포 1;1950586819
개화산 구파발 1;1679109596
가좌 평촌 1;1098270092
고덕 개봉 1;1800645620
명동 성환 1;2082621425
능곡 광나루 1;1618146870
남부터미널 구일 1;1353445714
국회의사당 창신 2;724754352
대화 수원시청 1;3306842249
선바위 도농 1;1024499468
평택 방화 1;2311982813
암사 충정로 1;949140794
발산 마들 1;2360359811
신목동 안산 1;1776700722
김유정 광명 1;1996330981
경마공원 병점 1;980085190
봉명 세마 0;694870780
지식정보단지 중계 1;3774611373
청평 한강진 2;863748309
당산 남영 1;317605526
창신 연수 2;2359327117
효자 녹번 2;1891850025
버티고개 태평 2;932457075
성환 증미 1;2019477843
마석 동작 1;989182141
개봉 용두 1;1061691308
홍제 도농 1;1165146085
신흥 캠퍼스타운 3;2906115980
미금 논현 1;1173071909
미아사거리 산본 0;1618165986
동춘 범계 2;1173795626
문산 돌곶이 1;2026805144
올림픽공원 소래포구 2;2740936616
중앙 명일 1;2591981413
반포 구반포 1;91422036
부평구청 염창 1;1988461016
무악재 오리 1;1688740502
새말 명학 1;2520133548
송파 풍산 2;1529612864
장암 한티 1;1427584440
도봉산 도곡 1;1382855991
풍산 남구로 2;923221413
역촌 청명 2;2235600874
개봉 장암 1;1629638966
당고개 수원시청 2;2383597239
망월사 매탄권선 1;2672035471
한강진 산성 2;936685075
인천대입구 녹사평 2;1911416990
중곡 평촌 1;1206195182
계산 보문 2;1089498614
석촌 신천 1;108842816
온양온천 신갈 1;1652097920
송탄 수락산 1;2611271358
부평삼거리 도심 2;2337543565
신중동 신내 1;1999633044
운서 청평 2;1758258852
청명 도봉산 1;2688454932
장승배기 병점 1;1892656984
신방화 호구포 2;2364242650
이촌 초당 2;2104713925
삼가 석계 2;2628442221
원덕 성균관대 1;2696808513
총신대입구(이수) 인덕원 0;480574396
팔당 김포공항 1;2423385254
임학 석촌 3;1382105683
용마산 경기도청북부청사 2;1268104081
춘천 신연수 2;2876861648
동막 평촌 2;1289193824
흑석 세마 1;1447905979
용문 온양온천 1;3992691158
지행 석촌 2;2310187005
행당 구의 1;278072415
신길온천 춘천 1;3088667829
태평 부평시장 2;2310293954
논현 지축 1;1209042887
박촌 여의도 2;618232382
중앙 양재 1;2164027512
신목동 능곡 2;459977394
국수 양주 1;1779609972
증산 봉천 1;694816892
한강진 도농 2;711774257
효자 세마 1;3321378294
가천대역 신이문 1;3113189039
까치울 정왕 1;2090044025
흑석 청구 1;820369331
화서 여의나루 1;1048882138
인천논현 을지로4가 2;2119612637
백양리 능곡 2;1658795044
학동 모란 1;713987366
임학 관악 1;1655955751
경마공원 고속터미널 1;303316224
공항시장 소사 1;1196097693
신반포 둔전 3;1926193166
태평 선유도 2;1122980185
가산디지털단지 월곶 2;1132043563
혜화 수락산 1;526739107
신연수 방배 2;1832231400
홍제 동춘 2;2056072763
미아사거리 마두 1;1294890850
춘천 춘의 1;2584901195
상계 사릉 1;1961073777
광명 백운 0;751090266
개포동 보라매 1;1010288948
선학 부평 0;430155948
팔당 제물포 1;2390970640
단대오거리 탑석 3;2819218639
