일산 독립문 48
청계산입구 사릉 65
검암 둔전 152
봉명 부개 125
가평 동춘 155
가락시장 신갈 47
면목 동대문 27
개롱 소사 81
돌곶이 왕십리 22
일산 도화 92
건대입구 안산 80
화곡 독산 34
매교 대림 59
미금 동수 97
가좌 능곡 16
총신대입구(이수) 신내 40
용두 연수 97
팔당 마곡 91
보정 동작 57
올림픽공원 금정 71
상일동 지행 87
회룡 온양온천 178
보라매 송정 39
노원 아산 156
관악 공항화물청사 84
오빈 하계 66
서정리 신창 44
청담 마들 32
보라매 마곡 37
초당 단대오거리 58
목동 보정 80
문학경기장 강동구청 97
을지로4가 삼각지 18
문정 보평 82
영등포 동묘앞 26
답십리 양평(중앙선) 75
청담 구일 47
삼가 보라매 97
어룡 흥선 11
망포 박촌 105
굽은다리 영등포 56
도화 시청 57
선릉 계양 64
디지털미디어시티 돌곶이 41
신촌(경의선) 간석 64
가락시장 중앙 82
국제업무지구 아신 157
신내 청구 25
삼산체육관 가리봉 25
소사 송도 46
올림픽공원 동막 115
길동 연수 116
둔전 상계 138
소사 오리 82
구리 대청 50
양재시민의숲 상동 65
신천 선정릉 13
동인천 별내 101
귤현 서울대입구 57
기흥 중동 88
의정부 의왕 100
쌍문 새말 37
서초 신천 13
돌곶이 군포 76
의정부 광흥창 65
서울대입구 수서 35
직산 이촌 105
성수 양재 29
백석 반월 97
총신대입구(이수) 온양온천 119
신풍 매교 67
수원 한남 67
회룡 신설동 33
마두 초지 114
녹사평 개화산 35
길음 강동 39
새절 고잔 86
창신 광명 54
상왕십리 국수 59
보정 을지로입구 69
양정 길동 43
화정 노량진 51
대화 단대오거리 104
영등포 신중동 28
홍대입구 시청 11
독바위 녹번 11
오이도 삼산체육관 50
운서 쌍용 166
금촌 기흥 141
방화 숙대입구 37
정부과천청사 용산 31
우장산 마포구청 31
신갈 박촌 118
숙대입구 귤현 41
아산 석촌 141
안국 오산대 90
경기도청북부청사 광화문 68
숭실대입구 까치울 29
청량리 국회의사당 38
발산 증산 28
인천터미널 거여 111
산본 녹번 71
녹번 독산 51
선바위 사당 4
옥수 지행 68
초당 광명 77
중화 남영 42
시청 거여 46
애오개 구로 21
청계산입구 대청 20
굴포천 안양 52
대공원 독바위 56
단대오거리 무악재 62
일산 도곡 82
탑석 안산 142
계산 사평 73
양재 아산 130
사평 학여울 22
천안 둔촌동 147
팔당 길동 54
양재 양원 42
정자 경복궁 52
노들 개롱 52
수원 철산 63
안암 광흥창 27
가평 월드컵경기장 106
뚝섬유원지 풍산 73
석계 수리산 76
양천향교 대모산입구 71
화랑대 청구 21
잠원 안암 25
청량리 여의도 33
신설동 용마산 27
갈매 동인천 99
천마산 덕계 77
춘의 미아 67
연신내 미금 73
백석 덕소 89
동암 신논현 68
아산 신반포 124
돌곶이 동대문역사문화공원 21
아신 경찰병원 86
구의 판교 37
안산 선릉 71
이대 양천구청 26
굴봉산 남태령 101
아신 동두천 113
간석 경기도청북부청사 119
남부터미널 둔촌동 34
구로디지털단지 상왕십리 39
둔전 춘천 204
대공원 신촌(경의선) 37
곡산 삼각지 39
무악재 이대 26
서강대 반월 66
안산 공덕 75
남부터미널 대성리 71
한강진 증미 42
오금 문래 56
동백 센트럴파크 133
태평 창신 53
과천 내방 20
동수 구일 31
인천시청 경전철의정부 113
신방화 도농 77
오류동 길음 48
낙성대 장한평 41
원덕 가락시장 100
신창 용답 160
금정 마곡 57
발곡 병점 123
노원 삼각지 35
광운대 철산 65
방배 연수 84
신도림 신논현 36
송도 도농 120
충무로 반월 58
교대 청계산입구 15
가락시장 선학 100
증미 동대문 45
합정 화정 36
행당 공항시장 48
대치 문정 17
갈산 센트럴파크 36
부천 갈매 72
창신 방이 37
산성 부평구청 91
어정 예술회관 121
보정 굴포천 99
계양 예술회관 31
오이도 제물포 55
탑석 파주 142
대치 녹사평 37
초지 논현 67
오산 둔전 81
한양대 흑석 38
어린이대공원 금릉 88
효창공원앞 경기도청북부청사 76
신목동 용산 23
동대문역사문화공원 월드컵경기장 29
압구정 강변 28
김량장 학동 90
오리 주안 103
경기도청북부청사 부천시청 111
아신 사가정 54
부평 명학 49
가천대역 신정 72
건대입구 부평삼거리 79
부평삼거리 고려대 77
가양 대림 28
춘의 보평 124
하계 숙대입구 41
대화 목동 63
신연수 남동인더스파크 9
발산 동백 111
잠실 혜화 30
수진 백양리 120
어린이대공원 선바위 32
신사 신반포 11
초당 신천 73
도봉 어룡 31
평촌 압구정 44
영통 서현 32
화서 청계산입구 66
봉화산 동수 88
방화 삼산체육관 47
압구정로데오 디지털미디어시티 41
이촌 효자 73
원덕 서현 123
양평(5호선) 선학 63
화서 충무로 64
청담 도농 33
고려대 상수 31
뚝섬 남구로 46
망월사 마포구청 67
상록수 사가정 76
신길온천 강남 71
동대입구 간석 69
양재 동암 70
구산 강남대 106
복정 금호 42
기흥 군포 40
구성 동대입구 61
동수 모란 100
수서 창동 58
신길 회기 33
도림천 신이문 48
응봉 지축 41
행신 주엽 22
신연수 곡산 85
상록수 원덕 140
충정로 양평(중앙선) 86
삼가 송파 72
의정부시청 도봉 18
구룡 수서 9
동춘 반포 86
월계 직산 141
동춘 센트럴파크 9
동춘 동대문 81
미아사거리 개롱 51
인덕원 퇴계원 68
답십리 상천 69
마천 송산 92
강동 서대문 31
옥수 충무로 7
계양 온수 42
중앙 아차산 84
신촌(경의선) 마포구청 16
제기동 청량리 2
동오 서울숲 63
신내 동수 85
오빈 동막 154
금촌 의정부중앙 122
판교 응암 70
수진 군자 39
새말 봉화산 51
신림 가좌 29
가리봉 상도 14
이매 을지로입구 59
군포 강동구청 67
양천향교 안양 54
대청 인천대입구 110
염창 동대문 40
중랑 병점 93
발곡 수원 115
동막 무악재 92
양평(5호선) 신흥 71
정왕 강변 91
선바위 국수 85
등촌 효창공원앞 33
삼성 안산 73
대방 구성 76
경찰병원 상갈 58
잠실 신연수 92
월곶 보문 104
도농 양천향교 79
동인천 망포 103
안산 화서 47
센트럴파크 테크노파크 4
중앙 부천 70
