일산 독립문 954415439
청계산입구 사릉 1082729582
검암 둔전 1919908876
봉명 부개 2036915360
가평 동춘 2432254693
가락시장 신갈 811193809
면목 동대문 366948020
개롱 소사 1511194310
돌곶이 왕십리 305351686
일산 도화 1611645138
건대입구 안산 1657081324
화곡 독산 533732411
매교 대림 978291223
미금 동수 1435385176
가좌 능곡 154281943
총신대입구(이수) 신내 668670005
용두 연수 1843573068
팔당 마곡 1167445828
보정 동작 615856360
올림픽공원 금정 1481956016
상일동 지행 1869524293
회룡 온양온천 3349057512
보라매 송정 600279368
노원 아산 2944770827
관악 공항화물청사 921683125
오빈 하계 1189091953
서정리 신창 654617805
청담 마들 804879682
보라매 마곡 637305776
초당 단대오거리 999785152
목동 보정 1127356005
문학경기장 강동구청 1880984400
을지로4가 삼각지 301450413
문정 보평 1492398364
영등포 동묘앞 641887902
답십리 양평(중앙선) 1115759433
청담 구일 786108118
삼가 보라매 1359242660
어룡 흥선 348793421
망포 박촌 1573785687
굽은다리 영등포 1219034728
도화 시청 1140421872
선릉 계양 656714392
디지털미디어시티 돌곶이 758630060
신촌(경의선) 간석 976779923
가락시장 중앙 1654875419
국제업무지구 아신 3079444326
신내 청구 313050347
삼산체육관 가리봉 716575023
소사 송도 935806867
올림픽공원 동막 2429278895
길동 연수 2331753641
둔전 상계 2211656758
소사 오리 1320220592
구리 대청 1016895071
양재시민의숲 상동 1126464728
신천 선정릉 237576619
동인천 별내 1939337196
귤현 서울대입구 733194164
기흥 중동 1554045985
의정부 의왕 2078291345
쌍문 새말 753955582
서초 신천 556361703
돌곶이 군포 1406048947
의정부 광흥창 1106649883
서울대입구 수서 670408992
직산 이촌 1643493285
성수 양재 474769430
백석 반월 1412027567
총신대입구(이수) 온양온천 2172464938
신풍 매교 1076703830
수원 한남 1128804752
회룡 신설동 846874803
마두 초지 1790249827
녹사평 개화산 310291828
길음 강동 887330858
새절 고잔 1307460699
창신 광명 767704356
상왕십리 국수 871836520
보정 을지로입구 1042434415
양정 길동 804127658
화정 노량진 712350056
대화 단대오거리 1819757807
영등포 신중동 497707369
홍대입구 시청 158014956
독바위 녹번 186916349
오이도 삼산체육관 1102169826
운서 쌍용 2349904591
금촌 기흥 1816980311
방화 숙대입구 387615241
정부과천청사 용산 581190430
우장산 마포구청 373145200
신갈 박촌 1231315697
숙대입구 귤현 274509684
아산 석촌 2440381618
안국 오산대 1642627330
경기도청북부청사 광화문 1428958414
숭실대입구 까치울 644038931
청량리 국회의사당 449420327
발산 증산 196171252
인천터미널 거여 2102126338
산본 녹번 1381719107
녹번 독산 771840497
선바위 사당 119112721
옥수 지행 1234087507
초당 광명 1374463591
중화 남영 589605231
시청 거여 1036825627
애오개 구로 332981552
청계산입구 대청 381913966
굴포천 안양 1272241687
대공원 독바위 1006336651
단대오거리 무악재 1300376631
일산 도곡 1284962673
탑석 안산 3146404199
계산 사평 901628297
양재 아산 1944295812
사평 학여울 347110120
천안 둔촌동 2309760128
팔당 길동 987947474
양재 양원 797012141
정자 경복궁 859528948
노들 개롱 808752558
수원 철산 1027020377
안암 광흥창 388128786
가평 월드컵경기장 1174057533
뚝섬유원지 풍산 901881711
석계 수리산 1393669360
양천향교 대모산입구 1103451097
화랑대 청구 403950259
잠원 안암 551087130
청량리 여의도 520673438
신설동 용마산 319346873
갈매 동인천 1811906040
천마산 덕계 1306545816
춘의 미아 1451181470
연신내 미금 1080447278
백석 덕소 1477249138
동암 신논현 1385046161
아산 신반포 2034008382
돌곶이 동대문역사문화공원 362605371
아신 경찰병원 1434268818
구의 판교 655693242
안산 선릉 1546561050
이대 양천구청 429678753
굴봉산 남태령 1387063130
아신 동두천 1998678114
간석 경기도청북부청사 2388207884
남부터미널 둔촌동 534947666
구로디지털단지 상왕십리 690418191
둔전 춘천 3099878139
대공원 신촌(경의선) 663280225
곡산 삼각지 703764669
무악재 이대 419476079
서강대 반월 952336537
안산 공덕 1488031336
남부터미널 대성리 1301843266
한강진 증미 573632383
오금 문래 1065610468
동백 센트럴파크 2300367682
태평 창신 1048353257
과천 내방 402155938
동수 구일 824492277
인천시청 경전철의정부 2175579961
신방화 도농 1085869117
오류동 길음 1111847116
낙성대 장한평 715953799
원덕 가락시장 1616379421
신창 용답 2560137334
금정 마곡 1011839985
발곡 병점 2434043850
노원 삼각지 884238774
광운대 철산 1018435488
방배 연수 1682890231
신도림 신논현 643189235
송도 도농 2116843096
충무로 반월 1109403294
교대 청계산입구 132332993
가락시장 선학 2064134885
증미 동대문 702919461
합정 화정 353924067
행당 공항시장 471984684
대치 문정 246394700
갈산 센트럴파크 1188115620
부천 갈매 1590559252
창신 방이 777500501
산성 부평구청 1645075640
어정 예술회관 2043071991
보정 굴포천 1539827754
계양 예술회관 897342554
오이도 제물포 1194653742
탑석 파주 2566332681
대치 녹사평 568640779
초지 논현 1317246689
오산 둔전 1372221881
한양대 흑석 538970591
어린이대공원 금릉 1072790771
효창공원앞 경기도청북부청사 1501474173
신목동 용산 353508371
동대문역사문화공원 월드컵경기장 318139975
압구정 강변 384473508
김량장 학동 1312150371
오리 주안 1672759046
경기도청북부청사 부천시청 2160154579
아신 사가정 905278099
부평 명학 1310051417
가천대역 신정 1291909650
건대입구 부평삼거리 1425458414
부평삼거리 고려대 1343566706
가양 대림 510601504
춘의 보평 2224412146
하계 숙대입구 785329392
대화 목동 1016832958
신연수 남동인더스파크 163470162
발산 동백 1487699895
잠실 혜화 657598457
수진 백양리 1962660745
어린이대공원 선바위 727571325
신사 신반포 107781357
초당 신천 1210110576
도봉 어룡 782038595
평촌 압구정 741538866
영통 서현 691418653
화서 청계산입구 1004818879
봉화산 동수 1464916451
방화 삼산체육관 882849698
압구정로데오 디지털미디어시티 404075770
이촌 효자 1490206018
원덕 서현 1852252158
양평(5호선) 선학 1230074180
화서 충무로 1342935678
청담 도농 682606986
고려대 상수 496030475
뚝섬 남구로 705563951
망월사 마포구청 1048574882
상록수 사가정 1636668477
신길온천 강남 1413807958
동대입구 간석 1115400967
양재 동암 1236412652
구산 강남대 1367202050
복정 금호 842564406
기흥 군포 826297363
구성 동대입구 1025570243
동수 모란 1721919776
수서 창동 1081959887
신길 회기 623486193
도림천 신이문 942929661
응봉 지축 720969399
행신 주엽 243226686
신연수 곡산 1355824773
상록수 원덕 2385642689
충정로 양평(중앙선) 1352379213
삼가 송파 1140512992
의정부시청 도봉 368136848
구룡 수서 139686218
동춘 반포 1742130281
월계 직산 2620905833
동춘 센트럴파크 358456963
동춘 동대문 1641138597
미아사거리 개롱 1178787725
인덕원 퇴계원 1388220880
답십리 상천 1198527341
마천 송산 2242962004
강동 서대문 765484814
옥수 충무로 254345364
계양 온수 659325607
중앙 아차산 1687560033
신촌(경의선) 마포구청 172761981
제기동 청량리 56556289
동오 서울숲 1148982352
신내 동수 1361479283
오빈 동막 2779378630
금촌 의정부중앙 2107865511
판교 응암 899399265
수진 군자 743749315
새말 봉화산 991101544
신림 가좌 621609583
가리봉 상도 370588089
이매 을지로입구 1034410566
군포 강동구청 1325353151
양천향교 안양 952893571
대청 인천대입구 2273879714
염창 동대문 614321902
중랑 병점 1749689183
발곡 수원 2302914727
동막 무악재 1689626853
양평(5호선) 신흥 1241556765
정왕 강변 1846498867
선바위 국수 1377562830
등촌 효창공원앞 427027287
삼성 안산 1616465343
대방 구성 843021571
경찰병원 상갈 1019745875
잠실 신연수 2028297068
월곶 보문 1986671568
도농 양천향교 975368546
동인천 망포 2425199920
안산 화서 930105693
센트럴파크 테크노파크 241310442
중앙 부천 1256026410
